<?xml version="1.0" encoding="UTF-8"?>
<testsuite xmlns:xsi="http://www.w3.org/2001/XMLSchema-instance" xsi:noNamespaceSchemaLocation="https://maven.apache.org/surefire/maven-surefire-plugin/xsd/surefire-test-report.xsd" version="3.0.2" name="com.example.sports_betting_settlement.SettlementServiceTest" time="0.722" tests="4" errors="0" skipped="0" failures="0">
  <properties>
[...]
</properties>
  <testcase name="processOutcome_noBets_doesNotSaveAnything" classname="com.example.sports_betting_settlement.SettlementServiceTest" time="0.653">
    <system-out><![CDATA[🚀 Received Outcome: Match 1 (Winner: TEAM_A)
⚠️ No bets found in DB for Event ID: E1
]]></system-out>
  </testcase>
  <testcase name="processOutcome_singleBetWinner_matchesOutcome_setsWonAndSaves" classname="com.example.sports_betting_settlement.SettlementServiceTest" time="0.04">
    <system-out><![CDATA[🚀 Received Outcome: Match 1 (Winner: TEAM_A)
✅ Bet 1 settled for user: U1
]]></system-out>
  </testcase>
  <testcase name="processOutcome_multipleBets_setsCorrectStatusesAndSavesEach" classname="com.example.sports_betting_settlement.SettlementServiceTest" time="0.006">
    <system-out><![CDATA[🚀 Received Outcome: Match 1 (Winner: TEAM_A)
✅ Bet 1 settled for user: U1
✅ Bet 2 settled for user: U2
]]></system-out>
  </testcase>
  <testcase name="processOutcome_singleBetWinner_doesNotMatchOutcome_setsLostAndSaves" classname="com.example.sports_betting_settlement.SettlementServiceTest" time="0.004">
    <system-out><![CDATA[🚀 Received Outcome: Match 1 (Winner: TEAM_A)
✅ Bet 1 settled for user: U1
]]></system-out>
  </testcase>
</testsuite>